<?xml version="1.0" encoding="UTF-8"?>
<!-- Generated by org.testng.reporters.JUnitReportReporter -->
<testsuite hostname="DESKTOP-9MH3L0N" failures="0" tests="1" name="com.cucumber.test.test1" time="17.021" errors="0" timestamp="2025-03-15T16:23:05 IST" skipped="0">
  <testcase classname="com.cucumber.test.test1" name="testCase1" time="17.021"/>
</testsuite> <!-- com.cucumber.test.test1 -->
